<?xml version="1.0" encoding="UTF-8"?>
<testng-results ignored="0" total="1" passed="1" failed="0" skipped="0">
  <reporter-output>
  </reporter-output>
  <suite started-at="2023-08-17T09:32:19 IST" name="Default suite" finished-at="2023-08-17T09:32:19 IST" duration-ms="52">
    <groups>
    </groups>
    <test started-at="2023-08-17T09:32:19 IST" name="Default test" finished-at="2023-08-17T09:32:19 IST" duration-ms="52">
      <class name="com.NykaaIPT_Aug_TestNG.runner.RunnerImpl">
        <test-method signature="a()[pri:0, instance:com.NykaaIPT_Aug_TestNG.runner.RunnerImpl@368247b9]" started-at="2023-08-17T09:32:19 IST" name="a" finished-at="2023-08-17T09:32:19 IST" duration-ms="8" status="PASS">
          <reporter-output>
          </reporter-output>
        </test-method> <!-- a -->
      </class> <!-- com.NykaaIPT_Aug_TestNG.runner.RunnerImpl -->
    </test> <!-- Default test -->
  </suite> <!-- Default suite -->
</testng-results>
